#
# There is insufficient memory for the Java Runtime Environment to continue.
# Native memory allocation (mmap) failed to map 65536 bytes for Failed to commit metaspace.
# Possible reasons:
#   The system is out of physical RAM or swap space
#   The process is running with CompressedOops enabled, and the Java Heap may be blocking the growth of the native heap
# Possible solutions:
#   Reduce memory load on the system
#   Increase physical memory or swap space
#   Check if swap backing store is full
#   Decrease Java heap size (-Xmx/-Xms)
#   Decrease number of Java threads
#   Decrease Java thread stack sizes (-Xss)
#   Set larger code cache with -XX:ReservedCodeCacheSize=
#   JVM is running with Unscaled Compressed Oops mode in which the Java heap is
#     placed in the first 4GB address space. The Java Heap base address is the
#     maximum limit for the native heap growth. Please use -XX:HeapBaseMinAddress
#     to set the Java Heap base and to place the Java Heap above 4GB virtual address.
# This output file may be truncated or incomplete.
#
#  Out of Memory Error (virtualSpaceNode.cpp:110), pid=25772, tid=31040
#
# JRE version: OpenJDK Runtime Environment Corretto-17.0.6.10.1 (17.0.6+10) (build 17.0.6+10-LTS)
# Java VM: OpenJDK 64-Bit Server VM Corretto-17.0.6.10.1 (17.0.6+10-LTS, mixed mode, emulated-client, sharing, tiered, compressed oops, compressed class ptrs, g1 gc, windows-amd64)
# No core dump will be written. Minidumps are not enabled by default on client versions of Windows
#

---------------  S U M M A R Y ------------

Command Line: -XX:TieredStopAtLevel=1 -Dspring.output.ansi.enabled=always -Dcom.sun.management.jmxremote -Dspring.jmx.enabled=true -Dspring.liveBeansView.mbeanDomain -Dspring.application.admin.enabled=true -Dmanagement.endpoints.jmx.exposure.include=* -javaagent:C:\Program Files\JetBrains\IntelliJ IDEA 2022.3.3\lib\idea_rt.jar=58698:C:\Program Files\JetBrains\IntelliJ IDEA 2022.3.3\bin -Dfile.encoding=UTF-8 com.thoughtclan.bikerentalsystem.BikeRentalSystemApplication

Host: AMD Ryzen 5 4600H with Radeon Graphics         , 12 cores, 7G,  Windows 10 , 64 bit Build 19041 (10.0.19041.2546)
Time: Fri Apr 21 15:49:04 2023 India Standard Time elapsed time: 2.202862 seconds (0d 0h 0m 2s)

---------------  T H R E A D  ---------------

Current thread (0x000002104183c030):  JavaThread "background-preinit" [_thread_in_vm, id=31040, stack(0x00000039cdb00000,0x00000039cdc00000)]

Stack: [0x00000039cdb00000,0x00000039cdc00000]
Native frames: (J=compiled Java code, j=interpreted, Vv=VM code, C=native code)
V  [jvm.dll+0x64b39a]
V  [jvm.dll+0x7ff044]
V  [jvm.dll+0x8007fe]
V  [jvm.dll+0x800e53]
V  [jvm.dll+0x235848]
V  [jvm.dll+0x7fb10b]
V  [jvm.dll+0x5f23a6]
V  [jvm.dll+0x1b4e8e]
V  [jvm.dll+0x5f4bf4]
V  [jvm.dll+0x5f2d5d]
V  [jvm.dll+0x22a2af]
V  [jvm.dll+0x5fc265]
V  [jvm.dll+0x1dd3b6]
V  [jvm.dll+0x1dd845]
V  [jvm.dll+0x1de281]
V  [jvm.dll+0x1d3e59]
V  [jvm.dll+0x5178f0]
V  [jvm.dll+0x77d0ac]
V  [jvm.dll+0x77d194]
V  [jvm.dll+0x3f0f15]
V  [jvm.dll+0x3f6b81]
C  [java.dll+0x17ec]

Java frames: (J=compiled Java code, j=interpreted, Vv=VM code)
J 1215  java.lang.ClassLoader.defineClass1(Ljava/lang/ClassLoader;Ljava/lang/String;[BIILjava/security/ProtectionDomain;Ljava/lang/String;)Ljava/lang/Class; java.base@17.0.6 (0 bytes) @ 0x000002103576d8e3 [0x000002103576d820+0x00000000000000c3]
J 1427 c1 java.lang.ClassLoader.defineClass(Ljava/lang/String;[BIILjava/security/ProtectionDomain;)Ljava/lang/Class; java.base@17.0.6 (43 bytes) @ 0x00000210357bfddc [0x00000210357bfce0+0x00000000000000fc]
J 1252 c1 jdk.internal.loader.BuiltinClassLoader.defineClass(Ljava/lang/String;Ljdk/internal/loader/Resource;)Ljava/lang/Class; java.base@17.0.6 (121 bytes) @ 0x000002103577fd64 [0x000002103577f8a0+0x00000000000004c4]
J 1233 c1 jdk.internal.loader.BuiltinClassLoader.findClassOnClassPathOrNull(Ljava/lang/String;)Ljava/lang/Class; java.base@17.0.6 (64 bytes) @ 0x00000210357758dc [0x0000021035775620+0x00000000000002bc]
J 988 c1 jdk.internal.loader.BuiltinClassLoader.loadClassOrNull(Ljava/lang/String;Z)Ljava/lang/Class; java.base@17.0.6 (143 bytes) @ 0x000002103570f35c [0x000002103570ef00+0x000000000000045c]
J 1103 c1 jdk.internal.loader.ClassLoaders$AppClassLoader.loadClass(Ljava/lang/String;Z)Ljava/lang/Class; java.base@17.0.6 (40 bytes) @ 0x0000021035743324 [0x00000210357431e0+0x0000000000000144]
J 1096 c1 java.lang.ClassLoader.loadClass(Ljava/lang/String;)Ljava/lang/Class; java.base@17.0.6 (7 bytes) @ 0x00000210357413e4 [0x00000210357413a0+0x0000000000000044]
v  ~StubRoutines::call_stub
j  com.fasterxml.jackson.databind.ObjectMapper.<init>(Lcom/fasterxml/jackson/core/JsonFactory;Lcom/fasterxml/jackson/databind/ser/DefaultSerializerProvider;Lcom/fasterxml/jackson/databind/deser/DefaultDeserializationContext;)V+156
j  com.fasterxml.jackson.databind.ObjectMapper.<init>()V+4
j  org.springframework.http.converter.json.Jackson2ObjectMapperBuilder.build()Lcom/fasterxml/jackson/databind/ObjectMapper;+81
j  org.springframework.http.converter.json.MappingJackson2HttpMessageConverter.<init>()V+4
j  org.springframework.http.converter.support.AllEncompassingFormHttpMessageConverter.<init>()V+55
j  org.springframework.boot.autoconfigure.BackgroundPreinitializer$MessageConverterInitializer.run()V+4
j  org.springframework.boot.autoconfigure.BackgroundPreinitializer$1.runSafely(Ljava/lang/Runnable;)Z+1
j  org.springframework.boot.autoconfigure.BackgroundPreinitializer$1.run()V+32
j  java.lang.Thread.run()V+11 java.base@17.0.6
v  ~StubRoutines::call_stub

---------------  P R O C E S S  ---------------

Threads class SMR info:
_java_thread_list=0x00000210418ce990, length=21, elements={
0x000002102d925f80, 0x000002103f9faa70, 0x000002103f9fb6e0, 0x000002103fa0f2f0,
0x000002103fa0ff60, 0x000002103fa12930, 0x000002103fa132e0, 0x000002103fa13d40,
0x000002103fa14730, 0x000002103f9df490, 0x000002104053ebb0, 0x0000021040bfcbc0,
0x0000021040bfd090, 0x0000021040cfdab0, 0x0000021040e9dd20, 0x0000021040ffe8e0,
0x00000210416af450, 0x00000210416af920, 0x000002104183c030, 0x00000210418df340,
0x0000021041948440
}

Java Threads: ( => current thread )
  0x000002102d925f80 JavaThread "main" [_thread_blocked, id=27284, stack(0x00000039cb600000,0x00000039cb700000)]
  0x000002103f9faa70 JavaThread "Reference Handler" daemon [_thread_blocked, id=14976, stack(0x00000039cbd00000,0x00000039cbe00000)]
  0x000002103f9fb6e0 JavaThread "Finalizer" daemon [_thread_blocked, id=33692, stack(0x00000039cbe00000,0x00000039cbf00000)]
  0x000002103fa0f2f0 JavaThread "Signal Dispatcher" daemon [_thread_blocked, id=27112, stack(0x00000039cbf00000,0x00000039cc000000)]
  0x000002103fa0ff60 JavaThread "Attach Listener" daemon [_thread_blocked, id=28140, stack(0x00000039cc000000,0x00000039cc100000)]
  0x000002103fa12930 JavaThread "Service Thread" daemon [_thread_blocked, id=5692, stack(0x00000039cc100000,0x00000039cc200000)]
  0x000002103fa132e0 JavaThread "Monitor Deflation Thread" daemon [_thread_blocked, id=17892, stack(0x00000039cc200000,0x00000039cc300000)]
  0x000002103fa13d40 JavaThread "C1 CompilerThread0" daemon [_thread_blocked, id=31952, stack(0x00000039cc300000,0x00000039cc400000)]
  0x000002103fa14730 JavaThread "Sweeper thread" daemon [_thread_blocked, id=5780, stack(0x00000039cc400000,0x00000039cc500000)]
  0x000002103f9df490 JavaThread "Common-Cleaner" daemon [_thread_blocked, id=11352, stack(0x00000039cc500000,0x00000039cc600000)]
  0x000002104053ebb0 JavaThread "C1 CompilerThread1" daemon [_thread_blocked, id=4332, stack(0x00000039cc600000,0x00000039cc700000)]
  0x0000021040bfcbc0 JavaThread "Monitor Ctrl-Break" daemon [_thread_in_native, id=32860, stack(0x00000039cc800000,0x00000039cc900000)]
  0x0000021040bfd090 JavaThread "Notification Thread" daemon [_thread_blocked, id=9500, stack(0x00000039cc900000,0x00000039cca00000)]
  0x0000021040cfdab0 JavaThread "RMI TCP Accept-0" daemon [_thread_in_native, id=28128, stack(0x00000039cca00000,0x00000039ccb00000)]
  0x0000021040e9dd20 JavaThread "RMI TCP Connection(1)-192.168.56.1" daemon [_thread_in_native, id=32212, stack(0x00000039ccc00000,0x00000039ccd00000)]
  0x0000021040ffe8e0 JavaThread "RMI Scheduler(0)" daemon [_thread_blocked, id=32796, stack(0x00000039ccd00000,0x00000039cce00000)]
  0x00000210416af450 JavaThread "Thread-0" [_thread_blocked, id=31504, stack(0x00000039cd800000,0x00000039cd900000)]
  0x00000210416af920 JavaThread "restartedMain" [_thread_in_vm, id=28176, stack(0x00000039cd900000,0x00000039cda00000)]
=>0x000002104183c030 JavaThread "background-preinit" [_thread_in_vm, id=31040, stack(0x00000039cdb00000,0x00000039cdc00000)]
  0x00000210418df340 JavaThread "C1 CompilerThread2" daemon [_thread_blocked, id=6808, stack(0x00000039cdc00000,0x00000039cdd00000)]
  0x0000021041948440 JavaThread "C1 CompilerThread3" daemon [_thread_blocked, id=3208, stack(0x00000039cdd00000,0x00000039cde00000)]

Other Threads:
  0x000002103f9f2af0 VMThread "VM Thread" [stack: 0x00000039cbc00000,0x00000039cbd00000] [id=29212]
  0x0000021040cff0c0 WatcherThread [stack: 0x00000039ccb00000,0x00000039ccc00000] [id=14780]
  0x000002102d97b470 GCTaskThread "GC Thread#0" [stack: 0x00000039cb700000,0x00000039cb800000] [id=22316]
  0x0000021041614b00 GCTaskThread "GC Thread#1" [stack: 0x00000039cce00000,0x00000039ccf00000] [id=33476]
  0x000002104162fc10 GCTaskThread "GC Thread#2" [stack: 0x00000039ccf00000,0x00000039cd000000] [id=2388]
  0x0000021041655960 GCTaskThread "GC Thread#3" [stack: 0x00000039cd000000,0x00000039cd100000] [id=33416]
  0x0000021041655c10 GCTaskThread "GC Thread#4" [stack: 0x00000039cd100000,0x00000039cd200000] [id=27784]
  0x0000021041655ec0 GCTaskThread "GC Thread#5" [stack: 0x00000039cd200000,0x00000039cd300000] [id=26888]
  0x0000021041656580 GCTaskThread "GC Thread#6" [stack: 0x00000039cd300000,0x00000039cd400000] [id=6416]
  0x0000021041656830 GCTaskThread "GC Thread#7" [stack: 0x00000039cd400000,0x00000039cd500000] [id=32908]
  0x00000210416572f0 GCTaskThread "GC Thread#8" [stack: 0x00000039cd500000,0x00000039cd600000] [id=11248]
  0x000002104179c010 GCTaskThread "GC Thread#9" [stack: 0x00000039cda00000,0x00000039cdb00000] [id=22940]
  0x000002102d98b130 ConcurrentGCThread "G1 Main Marker" [stack: 0x00000039cb800000,0x00000039cb900000] [id=33596]
  0x000002102d98cb50 ConcurrentGCThread "G1 Conc#0" [stack: 0x00000039cb900000,0x00000039cba00000] [id=31816]
  0x000002103f8b20c0 ConcurrentGCThread "G1 Refine#0" [stack: 0x00000039cba00000,0x00000039cbb00000] [id=32756]
  0x000002104068c780 ConcurrentGCThread "G1 Refine#1" [stack: 0x00000039cd600000,0x00000039cd700000] [id=22188]
  0x0000021041640bd0 ConcurrentGCThread "G1 Refine#2" [stack: 0x00000039cd700000,0x00000039cd800000] [id=29028]
  0x000002103f8b3af0 ConcurrentGCThread "G1 Service" [stack: 0x00000039cbb00000,0x00000039cbc00000] [id=31928]

Threads with active compile tasks:

VM state: not at safepoint (normal execution)

VM Mutex/Monitor currently owned by a thread:  ([mutex/lock_event])
[0x000002102d91ea40] Metaspace_lock - owner thread: 0x000002104183c030

Heap address: 0x0000000089400000, size: 1900 MB, Compressed Oops mode: 32-bit

CDS archive(s) mapped at: [0x0000000800000000-0x0000000800bc0000-0x0000000800bc0000), size 12320768, SharedBaseAddress: 0x0000000800000000, ArchiveRelocationMode: 0.
Compressed class space mapped at: 0x0000000800c00000-0x0000000840c00000, reserved size: 1073741824
Narrow klass base: 0x0000000800000000, Narrow klass shift: 0, Narrow klass range: 0x100000000

GC Precious Log:
 CPUs: 12 total, 12 available
 Memory: 7599M
 Large Page Support: Disabled
 NUMA Support: Disabled
 Compressed Oops: Enabled (32-bit)
 Heap Region Size: 1M
 Heap Min Capacity: 8M
 Heap Initial Capacity: 120M
 Heap Max Capacity: 1900M
 Pre-touch: Disabled
 Parallel Workers: 10
 Concurrent Workers: 3
 Concurrent Refinement Workers: 10
 Periodic GC: Disabled

Heap:
 garbage-first heap   total 122880K, used 35720K [0x0000000089400000, 0x0000000100000000)
  region size 1024K, 25 young (25600K), 1 survivors (1024K)
 Metaspace       used 15130K, committed 15360K, reserved 1064960K
  class space    used 1991K, committed 2112K, reserved 1048576K

Heap Regions: E=young(eden), S=young(survivor), O=old, HS=humongous(starts), HC=humongous(continues), CS=collection set, F=free, OA=open archive, CA=closed archive, TAMS=top-at-mark-start (previous, next)
|   0|0x0000000089400000, 0x0000000089500000, 0x0000000089500000|100%|HS|  |TAMS 0x0000000089400000, 0x0000000089400000| Complete 
|   1|0x0000000089500000, 0x0000000089600000, 0x0000000089600000|100%|HS|  |TAMS 0x0000000089500000, 0x0000000089500000| Complete 
|   2|0x0000000089600000, 0x0000000089700000, 0x0000000089700000|100%| O|  |TAMS 0x0000000089600000, 0x0000000089600000| Untracked 
|   3|0x0000000089700000, 0x0000000089800000, 0x0000000089800000|100%| O|  |TAMS 0x0000000089700000, 0x0000000089700000| Untracked 
|   4|0x0000000089800000, 0x0000000089900000, 0x0000000089900000|100%| O|  |TAMS 0x0000000089800000, 0x0000000089800000| Untracked 
|   5|0x0000000089900000, 0x0000000089a00000, 0x0000000089a00000|100%| O|  |TAMS 0x0000000089900000, 0x0000000089900000| Untracked 
|   6|0x0000000089a00000, 0x0000000089b00000, 0x0000000089b00000|100%| O|  |TAMS 0x0000000089a00000, 0x0000000089a00000| Untracked 
|   7|0x0000000089b00000, 0x0000000089c00000, 0x0000000089c00000|100%| O|  |TAMS 0x0000000089b00000, 0x0000000089b00000| Untracked 
|   8|0x0000000089c00000, 0x0000000089d00000, 0x0000000089d00000|100%| O|  |TAMS 0x0000000089c00000, 0x0000000089c00000| Untracked 
|   9|0x0000000089d00000, 0x0000000089e00000, 0x0000000089e00000|100%| O|  |TAMS 0x0000000089d00000, 0x0000000089d00000| Untracked 
|  10|0x0000000089e00000, 0x0000000089f00000, 0x0000000089f00000|100%| O|  |TAMS 0x0000000089e00000, 0x0000000089e00000| Untracked 
|  11|0x0000000089f00000, 0x0000000089fe2200, 0x000000008a000000| 88%| O|  |TAMS 0x0000000089f00000, 0x0000000089f00000| Untracked 
|  12|0x000000008a000000, 0x000000008a000000, 0x000000008a100000|  0%| F|  |TAMS 0x000000008a000000, 0x000000008a000000| Untracked 
|  13|0x000000008a100000, 0x000000008a100000, 0x000000008a200000|  0%| F|  |TAMS 0x000000008a100000, 0x000000008a100000| Untracked 
|  14|0x000000008a200000, 0x000000008a200000, 0x000000008a300000|  0%| F|  |TAMS 0x000000008a200000, 0x000000008a200000| Untracked 
|  15|0x000000008a300000, 0x000000008a300000, 0x000000008a400000|  0%| F|  |TAMS 0x000000008a300000, 0x000000008a300000| Untracked 
|  16|0x000000008a400000, 0x000000008a400000, 0x000000008a500000|  0%| F|  |TAMS 0x000000008a400000, 0x000000008a400000| Untracked 
|  17|0x000000008a500000, 0x000000008a500000, 0x000000008a600000|  0%| F|  |TAMS 0x000000008a500000, 0x000000008a500000| Untracked 
|  18|0x000000008a600000, 0x000000008a600000, 0x000000008a700000|  0%| F|  |TAMS 0x000000008a600000, 0x000000008a600000| Untracked 
|  19|0x000000008a700000, 0x000000008a700000, 0x000000008a800000|  0%| F|  |TAMS 0x000000008a700000, 0x000000008a700000| Untracked 
|  20|0x000000008a800000, 0x000000008a800000, 0x000000008a900000|  0%| F|  |TAMS 0x000000008a800000, 0x000000008a800000| Untracked 
|  21|0x000000008a900000, 0x000000008a900000, 0x000000008aa00000|  0%| F|  |TAMS 0x000000008a900000, 0x000000008a900000| Untracked 
|  22|0x000000008aa00000, 0x000000008aa00000, 0x000000008ab00000|  0%| F|  |TAMS 0x000000008aa00000, 0x000000008aa00000| Untracked 
|  23|0x000000008ab00000, 0x000000008ab00000, 0x000000008ac00000|  0%| F|  |TAMS 0x000000008ab00000, 0x000000008ab00000| Untracked 
|  24|0x000000008ac00000, 0x000000008ac00000, 0x000000008ad00000|  0%| F|  |TAMS 0x000000008ac00000, 0x000000008ac00000| Untracked 
|  25|0x000000008ad00000, 0x000000008ad00000, 0x000000008ae00000|  0%| F|  |TAMS 0x000000008ad00000, 0x000000008ad00000| Untracked 
|  26|0x000000008ae00000, 0x000000008ae00000, 0x000000008af00000|  0%| F|  |TAMS 0x000000008ae00000, 0x000000008ae00000| Untracked 
|  27|0x000000008af00000, 0x000000008af00000, 0x000000008b000000|  0%| F|  |TAMS 0x000000008af00000, 0x000000008af00000| Untracked 
|  28|0x000000008b000000, 0x000000008b000000, 0x000000008b100000|  0%| F|  |TAMS 0x000000008b000000, 0x000000008b000000| Untracked 
|  29|0x000000008b100000, 0x000000008b100000, 0x000000008b200000|  0%| F|  |TAMS 0x000000008b100000, 0x000000008b100000| Untracked 
|  30|0x000000008b200000, 0x000000008b200000, 0x000000008b300000|  0%| F|  |TAMS 0x000000008b200000, 0x000000008b200000| Untracked 
|  31|0x000000008b300000, 0x000000008b300000, 0x000000008b400000|  0%| F|  |TAMS 0x000000008b300000, 0x000000008b300000| Untracked 
|  32|0x000000008b400000, 0x000000008b400000, 0x000000008b500000|  0%| F|  |TAMS 0x000000008b400000, 0x000000008b400000| Untracked 
|  33|0x000000008b500000, 0x000000008b500000, 0x000000008b600000|  0%| F|  |TAMS 0x000000008b500000, 0x000000008b500000| Untracked 
|  34|0x000000008b600000, 0x000000008b600000, 0x000000008b700000|  0%| F|  |TAMS 0x000000008b600000, 0x000000008b600000| Untracked 
|  35|0x000000008b700000, 0x000000008b700000, 0x000000008b800000|  0%| F|  |TAMS 0x000000008b700000, 0x000000008b700000| Untracked 
|  36|0x000000008b800000, 0x000000008b800000, 0x000000008b900000|  0%| F|  |TAMS 0x000000008b800000, 0x000000008b800000| Untracked 
|  37|0x000000008b900000, 0x000000008b900000, 0x000000008ba00000|  0%| F|  |TAMS 0x000000008b900000, 0x000000008b900000| Untracked 
|  38|0x000000008ba00000, 0x000000008ba00000, 0x000000008bb00000|  0%| F|  |TAMS 0x000000008ba00000, 0x000000008ba00000| Untracked 
|  39|0x000000008bb00000, 0x000000008bb00000, 0x000000008bc00000|  0%| F|  |TAMS 0x000000008bb00000, 0x000000008bb00000| Untracked 
|  40|0x000000008bc00000, 0x000000008bc00000, 0x000000008bd00000|  0%| F|  |TAMS 0x000000008bc00000, 0x000000008bc00000| Untracked 
|  41|0x000000008bd00000, 0x000000008bd00000, 0x000000008be00000|  0%| F|  |TAMS 0x000000008bd00000, 0x000000008bd00000| Untracked 
|  42|0x000000008be00000, 0x000000008be00000, 0x000000008bf00000|  0%| F|  |TAMS 0x000000008be00000, 0x000000008be00000| Untracked 
|  43|0x000000008bf00000, 0x000000008bf00000, 0x000000008c000000|  0%| F|  |TAMS 0x000000008bf00000, 0x000000008bf00000| Untracked 
|  44|0x000000008c000000, 0x000000008c000000, 0x000000008c100000|  0%| F|  |TAMS 0x000000008c000000, 0x000000008c000000| Untracked 
|  45|0x000000008c100000, 0x000000008c100000, 0x000000008c200000|  0%| F|  |TAMS 0x000000008c100000, 0x000000008c100000| Untracked 
|  46|0x000000008c200000, 0x000000008c200000, 0x000000008c300000|  0%| F|  |TAMS 0x000000008c200000, 0x000000008c200000| Untracked 
|  47|0x000000008c300000, 0x000000008c300000, 0x000000008c400000|  0%| F|  |TAMS 0x000000008c300000, 0x000000008c300000| Untracked 
|  48|0x000000008c400000, 0x000000008c400000, 0x000000008c500000|  0%| F|  |TAMS 0x000000008c400000, 0x000000008c400000| Untracked 
|  49|0x000000008c500000, 0x000000008c500000, 0x000000008c600000|  0%| F|  |TAMS 0x000000008c500000, 0x000000008c500000| Untracked 
|  50|0x000000008c600000, 0x000000008c600000, 0x000000008c700000|  0%| F|  |TAMS 0x000000008c600000, 0x000000008c600000| Untracked 
|  51|0x000000008c700000, 0x000000008c700000, 0x000000008c800000|  0%| F|  |TAMS 0x000000008c700000, 0x000000008c700000| Untracked 
|  52|0x000000008c800000, 0x000000008c800000, 0x000000008c900000|  0%| F|  |TAMS 0x000000008c800000, 0x000000008c800000| Untracked 
|  53|0x000000008c900000, 0x000000008c900000, 0x000000008ca00000|  0%| F|  |TAMS 0x000000008c900000, 0x000000008c900000| Untracked 
|  54|0x000000008ca00000, 0x000000008ca00000, 0x000000008cb00000|  0%| F|  |TAMS 0x000000008ca00000, 0x000000008ca00000| Untracked 
|  55|0x000000008cb00000, 0x000000008cb00000, 0x000000008cc00000|  0%| F|  |TAMS 0x000000008cb00000, 0x000000008cb00000| Untracked 
|  56|0x000000008cc00000, 0x000000008cc00000, 0x000000008cd00000|  0%| F|  |TAMS 0x000000008cc00000, 0x000000008cc00000| Untracked 
|  57|0x000000008cd00000, 0x000000008cd00000, 0x000000008ce00000|  0%| F|  |TAMS 0x000000008cd00000, 0x000000008cd00000| Untracked 
|  58|0x000000008ce00000, 0x000000008ce00000, 0x000000008cf00000|  0%| F|  |TAMS 0x000000008ce00000, 0x000000008ce00000| Untracked 
|  59|0x000000008cf00000, 0x000000008cf00000, 0x000000008d000000|  0%| F|  |TAMS 0x000000008cf00000, 0x000000008cf00000| Untracked 
|  60|0x000000008d000000, 0x000000008d000000, 0x000000008d100000|  0%| F|  |TAMS 0x000000008d000000, 0x000000008d000000| Untracked 
|  61|0x000000008d100000, 0x000000008d100000, 0x000000008d200000|  0%| F|  |TAMS 0x000000008d100000, 0x000000008d100000| Untracked 
|  62|0x000000008d200000, 0x000000008d200000, 0x000000008d300000|  0%| F|  |TAMS 0x000000008d200000, 0x000000008d200000| Untracked 
|  63|0x000000008d300000, 0x000000008d300000, 0x000000008d400000|  0%| F|  |TAMS 0x000000008d300000, 0x000000008d300000| Untracked 
|  64|0x000000008d400000, 0x000000008d400000, 0x000000008d500000|  0%| F|  |TAMS 0x000000008d400000, 0x000000008d400000| Untracked 
|  65|0x000000008d500000, 0x000000008d500000, 0x000000008d600000|  0%| F|  |TAMS 0x000000008d500000, 0x000000008d500000| Untracked 
|  66|0x000000008d600000, 0x000000008d600000, 0x000000008d700000|  0%| F|  |TAMS 0x000000008d600000, 0x000000008d600000| Untracked 
|  67|0x000000008d700000, 0x000000008d700000, 0x000000008d800000|  0%| F|  |TAMS 0x000000008d700000, 0x000000008d700000| Untracked 
|  68|0x000000008d800000, 0x000000008d800000, 0x000000008d900000|  0%| F|  |TAMS 0x000000008d800000, 0x000000008d800000| Untracked 
|  69|0x000000008d900000, 0x000000008d900000, 0x000000008da00000|  0%| F|  |TAMS 0x000000008d900000, 0x000000008d900000| Untracked 
|  70|0x000000008da00000, 0x000000008da00000, 0x000000008db00000|  0%| F|  |TAMS 0x000000008da00000, 0x000000008da00000| Untracked 
|  71|0x000000008db00000, 0x000000008db00000, 0x000000008dc00000|  0%| F|  |TAMS 0x000000008db00000, 0x000000008db00000| Untracked 
|  72|0x000000008dc00000, 0x000000008dc00000, 0x000000008dd00000|  0%| F|  |TAMS 0x000000008dc00000, 0x000000008dc00000| Untracked 
|  73|0x000000008dd00000, 0x000000008dd00000, 0x000000008de00000|  0%| F|  |TAMS 0x000000008dd00000, 0x000000008dd00000| Untracked 
|  74|0x000000008de00000, 0x000000008de00000, 0x000000008df00000|  0%| F|  |TAMS 0x000000008de00000, 0x000000008de00000| Untracked 
|  75|0x000000008df00000, 0x000000008df00000, 0x000000008e000000|  0%| F|  |TAMS 0x000000008df00000, 0x000000008df00000| Untracked 
|  76|0x000000008e000000, 0x000000008e000000, 0x000000008e100000|  0%| F|  |TAMS 0x000000008e000000, 0x000000008e000000| Untracked 
|  77|0x000000008e100000, 0x000000008e100000, 0x000000008e200000|  0%| F|  |TAMS 0x000000008e100000, 0x000000008e100000| Untracked 
|  78|0x000000008e200000, 0x000000008e200000, 0x000000008e300000|  0%| F|  |TAMS 0x000000008e200000, 0x000000008e200000| Untracked 
|  79|0x000000008e300000, 0x000000008e300000, 0x000000008e400000|  0%| F|  |TAMS 0x000000008e300000, 0x000000008e300000| Untracked 
|  80|0x000000008e400000, 0x000000008e400000, 0x000000008e500000|  0%| F|  |TAMS 0x000000008e400000, 0x000000008e400000| Untracked 
|  81|0x000000008e500000, 0x000000008e500000, 0x000000008e600000|  0%| F|  |TAMS 0x000000008e500000, 0x000000008e500000| Untracked 
|  82|0x000000008e600000, 0x000000008e600000, 0x000000008e700000|  0%| F|  |TAMS 0x000000008e600000, 0x000000008e600000| Untracked 
|  83|0x000000008e700000, 0x000000008e700000, 0x000000008e800000|  0%| F|  |TAMS 0x000000008e700000, 0x000000008e700000| Untracked 
|  84|0x000000008e800000, 0x000000008e800000, 0x000000008e900000|  0%| F|  |TAMS 0x000000008e800000, 0x000000008e800000| Untracked 
|  85|0x000000008e900000, 0x000000008e900000, 0x000000008ea00000|  0%| F|  |TAMS 0x000000008e900000, 0x000000008e900000| Untracked 
|  86|0x000000008ea00000, 0x000000008ea00000, 0x000000008eb00000|  0%| F|  |TAMS 0x000000008ea00000, 0x000000008ea00000| Untracked 
|  87|0x000000008eb00000, 0x000000008eb00000, 0x000000008ec00000|  0%| F|  |TAMS 0x000000008eb00000, 0x000000008eb00000| Untracked 
|  88|0x000000008ec00000, 0x000000008ec00000, 0x000000008ed00000|  0%| F|  |TAMS 0x000000008ec00000, 0x000000008ec00000| Untracked 
|  89|0x000000008ed00000, 0x000000008ed00000, 0x000000008ee00000|  0%| F|  |TAMS 0x000000008ed00000, 0x000000008ed00000| Untracked 
|  90|0x000000008ee00000, 0x000000008ee00000, 0x000000008ef00000|  0%| F|  |TAMS 0x000000008ee00000, 0x000000008ee00000| Untracked 
|  91|0x000000008ef00000, 0x000000008ef00000, 0x000000008f000000|  0%| F|  |TAMS 0x000000008ef00000, 0x000000008ef00000| Untracked 
|  92|0x000000008f000000, 0x000000008f000000, 0x000000008f100000|  0%| F|  |TAMS 0x000000008f000000, 0x000000008f000000| Untracked 
|  93|0x000000008f100000, 0x000000008f100000, 0x000000008f200000|  0%| F|  |TAMS 0x000000008f100000, 0x000000008f100000| Untracked 
|  94|0x000000008f200000, 0x000000008f200000, 0x000000008f300000|  0%| F|  |TAMS 0x000000008f200000, 0x000000008f200000| Untracked 
|  95|0x000000008f300000, 0x000000008f400000, 0x000000008f400000|100%| E|  |TAMS 0x000000008f300000, 0x000000008f300000| Complete 
|  96|0x000000008f400000, 0x000000008f500000, 0x000000008f500000|100%| E|CS|TAMS 0x000000008f400000, 0x000000008f400000| Complete 
|  97|0x000000008f500000, 0x000000008f600000, 0x000000008f600000|100%| E|CS|TAMS 0x000000008f500000, 0x000000008f500000| Complete 
|  98|0x000000008f600000, 0x000000008f700000, 0x000000008f700000|100%| E|CS|TAMS 0x000000008f600000, 0x000000008f600000| Complete 
|  99|0x000000008f700000, 0x000000008f800000, 0x000000008f800000|100%| E|CS|TAMS 0x000000008f700000, 0x000000008f700000| Complete 
| 100|0x000000008f800000, 0x000000008f900000, 0x000000008f900000|100%| E|CS|TAMS 0x000000008f800000, 0x000000008f800000| Complete 
| 101|0x000000008f900000, 0x000000008fa00000, 0x000000008fa00000|100%| S|CS|TAMS 0x000000008f900000, 0x000000008f900000| Complete 
| 102|0x000000008fa00000, 0x000000008fb00000, 0x000000008fb00000|100%| E|CS|TAMS 0x000000008fa00000, 0x000000008fa00000| Complete 
| 103|0x000000008fb00000, 0x000000008fc00000, 0x000000008fc00000|100%| E|CS|TAMS 0x000000008fb00000, 0x000000008fb00000| Complete 
| 104|0x000000008fc00000, 0x000000008fd00000, 0x000000008fd00000|100%| E|CS|TAMS 0x000000008fc00000, 0x000000008fc00000| Complete 
| 105|0x000000008fd00000, 0x000000008fe00000, 0x000000008fe00000|100%| E|  |TAMS 0x000000008fd00000, 0x000000008fd00000| Complete 
| 106|0x000000008fe00000, 0x000000008ff00000, 0x000000008ff00000|100%| E|CS|TAMS 0x000000008fe00000, 0x000000008fe00000| Complete 
| 107|0x000000008ff00000, 0x0000000090000000, 0x0000000090000000|100%| E|CS|TAMS 0x000000008ff00000, 0x000000008ff00000| Complete 
| 108|0x0000000090000000, 0x0000000090100000, 0x0000000090100000|100%| E|CS|TAMS 0x0000000090000000, 0x0000000090000000| Complete 
| 109|0x0000000090100000, 0x0000000090200000, 0x0000000090200000|100%| E|CS|TAMS 0x0000000090100000, 0x0000000090100000| Complete 
| 110|0x0000000090200000, 0x0000000090300000, 0x0000000090300000|100%| E|CS|TAMS 0x0000000090200000, 0x0000000090200000| Complete 
| 111|0x0000000090300000, 0x0000000090400000, 0x0000000090400000|100%| E|CS|TAMS 0x0000000090300000, 0x0000000090300000| Complete 
| 112|0x0000000090400000, 0x0000000090500000, 0x0000000090500000|100%| E|CS|TAMS 0x0000000090400000, 0x0000000090400000| Complete 
| 113|0x0000000090500000, 0x0000000090600000, 0x0000000090600000|100%| E|CS|TAMS 0x0000000090500000, 0x0000000090500000| Complete 
| 114|0x0000000090600000, 0x0000000090700000, 0x0000000090700000|100%| E|CS|TAMS 0x0000000090600000, 0x0000000090600000| Complete 
| 115|0x0000000090700000, 0x0000000090800000, 0x0000000090800000|100%| E|CS|TAMS 0x0000000090700000, 0x0000000090700000| Complete 
| 116|0x0000000090800000, 0x0000000090900000, 0x0000000090900000|100%| E|CS|TAMS 0x0000000090800000, 0x0000000090800000| Complete 
| 117|0x0000000090900000, 0x0000000090a00000, 0x0000000090a00000|100%| E|CS|TAMS 0x0000000090900000, 0x0000000090900000| Complete 
| 118|0x0000000090a00000, 0x0000000090b00000, 0x0000000090b00000|100%| E|CS|TAMS 0x0000000090a00000, 0x0000000090a00000| Complete 
| 119|0x0000000090b00000, 0x0000000090c00000, 0x0000000090c00000|100%| E|CS|TAMS 0x0000000090b00000, 0x0000000090b00000| Complete 

Card table byte_map: [0x0000021038b00000,0x0000021038ec0000] _byte_map_base: 0x00000210386b6000

Marking Bits (Prev, Next): (CMBitMap*) 0x000002102d97ba80, (CMBitMap*) 0x000002102d97bac0
 Prev Bits: [0x0000021039280000, 0x000002103b030000)
 Next Bits: [0x000002103b030000, 0x000002103cde0000)

Polling page: 0x000002102b860000

Metaspace:

Usage:
  Non-class:     12.83 MB used.
      Class:      1.94 MB used.
       Both:     14.78 MB used.

Virtual space:
  Non-class space:       16.00 MB reserved,      12.94 MB ( 81%) committed,  2 nodes.
      Class space:        1.00 GB reserved,       2.06 MB ( <1%) committed,  1 nodes.
             Both:        1.02 GB reserved,      15.00 MB (  1%) committed. 

Chunk freelists:
   Non-Class:  2.98 MB
       Class:  1.94 MB
        Both:  4.92 MB

MaxMetaspaceSize: unlimited
CompressedClassSpaceSize: 1.00 GB
Initial GC threshold: 21.00 MB
Current GC threshold: 21.00 MB
CDS: on
MetaspaceReclaimPolicy: balanced
 - commit_granule_bytes: 65536.
 - commit_granule_words: 8192.
 - virtual_space_node_default_size: 1048576.
 - enlarge_chunks_in_place: 1.
 - new_chunks_are_fully_committed: 0.
 - uncommit_free_chunks: 1.
 - use_allocation_guard: 0.
 - handle_deallocations: 1.


Internal statistics:

num_allocs_failed_limit: 0.
num_arena_births: 260.
num_arena_deaths: 0.
num_vsnodes_births: 3.
num_vsnodes_deaths: 0.
num_space_committed: 240.
num_space_uncommitted: 0.
num_chunks_returned_to_freelist: 0.
num_chunks_taken_from_freelist: 683.
num_chunk_merges: 0.
num_chunk_splits: 447.
num_chunks_enlarged: 323.
num_purges: 0.
num_inconsistent_stats: 0.

CodeCache: size=49152Kb used=6094Kb max_used=6094Kb free=43057Kb
 bounds [0x0000021035410000, 0x0000021035a10000, 0x0000021038410000]
 total_blobs=2666 nmethods=2168 adapters=422
 compilation: enabled
              stopped_count=0, restarted_count=0
 full_count=0

Compilation events (20 events):
Event: 2.164 Thread 0x0000021041948440 2159       1       org.springframework.core.annotation.PackagesAnnotationFilter::matches (42 bytes)
Event: 2.164 Thread 0x0000021041948440 nmethod 2159 0x00000210359fee10 code [0x00000210359fefc0, 0x00000210359ff148]
Event: 2.165 Thread 0x0000021041948440 2160       1       org.springframework.core.annotation.AnnotationFilter::matches (11 bytes)
Event: 2.165 Thread 0x0000021041948440 nmethod 2160 0x00000210359ff290 code [0x00000210359ff440, 0x00000210359ff578]
Event: 2.169 Thread 0x00000210418df340 2161       1       ch.qos.logback.classic.spi.LogbackServiceProvider::getLoggerFactory (5 bytes)
Event: 2.170 Thread 0x00000210418df340 nmethod 2161 0x00000210359ff690 code [0x00000210359ff820, 0x00000210359ff8f8]
Event: 2.171 Thread 0x00000210418df340 2162       1       ch.qos.logback.core.pattern.Converter::getNext (5 bytes)
Event: 2.172 Thread 0x00000210418df340 nmethod 2162 0x00000210359ff990 code [0x00000210359ffb20, 0x00000210359ffbf8]
Event: 2.178 Thread 0x00000210418df340 2163       1       java.lang.Character::isJavaIdentifierPart (9 bytes)
Event: 2.178 Thread 0x0000021041948440 2164       1       java.lang.CharacterDataLatin1::isJavaIdentifierPart (20 bytes)
Event: 2.178 Thread 0x000002103fa13d40 2165       1       java.lang.Character::isJavaIdentifierPart (5 bytes)
Event: 2.178 Thread 0x0000021041948440 nmethod 2164 0x00000210359ffc90 code [0x00000210359ffe20, 0x00000210359fff38]
Event: 2.179 Thread 0x000002103fa13d40 nmethod 2165 0x0000021035a00010 code [0x0000021035a001c0, 0x0000021035a002b8]
Event: 2.179 Thread 0x00000210418df340 nmethod 2163 0x0000021035a00390 code [0x0000021035a00540, 0x0000021035a00638]
Event: 2.193 Thread 0x0000021041948440 2166       1       java.util.LinkedHashMap::<init> (10 bytes)
Event: 2.193 Thread 0x0000021041948440 nmethod 2166 0x0000021035a00d10 code [0x0000021035a00ea0, 0x0000021035a00f78]
Event: 2.193 Thread 0x000002104053ebb0 2167       1       java.lang.Enum::getDeclaringClass (22 bytes)
Event: 2.194 Thread 0x000002104053ebb0 nmethod 2167 0x0000021035a01010 code [0x0000021035a011a0, 0x0000021035a012c8]
Event: 2.197 Thread 0x000002103fa13d40 2168       1       java.util.zip.ZipEntry::setExtra0 (493 bytes)
Event: 2.199 Thread 0x000002103fa13d40 nmethod 2168 0x0000021035a01690 code [0x0000021035a018e0, 0x0000021035a03128]

GC Heap History (4 events):
Event: 1.267 GC heap before
{Heap before GC invocations=0 (full 0):
 garbage-first heap   total 122880K, used 24576K [0x0000000089400000, 0x0000000100000000)
  region size 1024K, 23 young (23552K), 0 survivors (0K)
 Metaspace       used 6883K, committed 7104K, reserved 1056768K
  class space    used 866K, committed 960K, reserved 1048576K
}
Event: 1.282 GC heap after
{Heap after GC invocations=1 (full 0):
 garbage-first heap   total 122880K, used 12184K [0x0000000089400000, 0x0000000100000000)
  region size 1024K, 3 young (3072K), 3 survivors (3072K)
 Metaspace       used 6883K, committed 7104K, reserved 1056768K
  class space    used 866K, committed 960K, reserved 1048576K
}
Event: 1.793 GC heap before
{Heap before GC invocations=1 (full 0):
 garbage-first heap   total 122880K, used 30616K [0x0000000089400000, 0x0000000100000000)
  region size 1024K, 21 young (21504K), 3 survivors (3072K)
 Metaspace       used 9772K, committed 10112K, reserved 1064960K
  class space    used 1296K, committed 1472K, reserved 1048576K
}
Event: 1.797 GC heap after
{Heap after GC invocations=2 (full 0):
 garbage-first heap   total 122880K, used 13192K [0x0000000089400000, 0x0000000100000000)
  region size 1024K, 1 young (1024K), 1 survivors (1024K)
 Metaspace       used 9772K, committed 10112K, reserved 1064960K
  class space    used 1296K, committed 1472K, reserved 1048576K
}

Dll operation events (12 events):
Event: 0.017 Loaded shared library C:\Users\1gssa\.jdks\corretto-17.0.6-1\bin\java.dll
Event: 0.063 Loaded shared library C:\Users\1gssa\.jdks\corretto-17.0.6-1\bin\jsvml.dll
Event: 0.372 Loaded shared library C:\Users\1gssa\.jdks\corretto-17.0.6-1\bin\zip.dll
Event: 0.375 Loaded shared library C:\Users\1gssa\.jdks\corretto-17.0.6-1\bin\instrument.dll
Event: 0.384 Loaded shared library C:\Users\1gssa\.jdks\corretto-17.0.6-1\bin\net.dll
Event: 0.387 Loaded shared library C:\Users\1gssa\.jdks\corretto-17.0.6-1\bin\nio.dll
Event: 0.390 Loaded shared library C:\Users\1gssa\.jdks\corretto-17.0.6-1\bin\zip.dll
Event: 0.592 Loaded shared library C:\Program Files\JetBrains\IntelliJ IDEA 2022.3.3\bin\breakgen64.dll
Event: 0.600 Loaded shared library C:\Users\1gssa\.jdks\corretto-17.0.6-1\bin\jimage.dll
Event: 0.630 Loaded shared library C:\Users\1gssa\.jdks\corretto-17.0.6-1\bin\management.dll
Event: 0.649 Loaded shared library C:\Users\1gssa\.jdks\corretto-17.0.6-1\bin\management_ext.dll
Event: 2.075 Loaded shared library C:\Users\1gssa\.jdks\corretto-17.0.6-1\bin\verify.dll

Deoptimization events (0 events):
No events

Classes unloaded (0 events):
No events

Classes redefined (0 events):
No events

Internal exceptions (20 events):
Event: 1.749 Thread 0x00000210416af920 Exception <a 'java/lang/NoSuchMethodError'{0x000000008fba6b00}: 'java.lang.Object java.lang.invoke.DirectMethodHandle$Holder.invokeSpecial(java.lang.Object, java.lang.Object, java.lang.Object, java.lang.Object, java.lang.Object, java.lang.Object, int)'> (0x000000008fba6b00) 
thrown [s\src\hotspot\share\interpreter\linkResolver.cpp, line 759]
Event: 1.750 Thread 0x00000210416af920 Exception <a 'java/lang/NoSuchMethodError'{0x000000008fbb1240}: 'java.lang.Object java.lang.invoke.DirectMethodHandle$Holder.newInvokeSpecial(java.lang.Object, java.lang.Object, java.lang.Object, java.lang.Object, java.lang.Object, java.lang.Object, int)'> (0x000000008fbb1240) 
thrown [s\src\hotspot\share\interpreter\linkResolver.cpp, line 759]
Event: 1.751 Thread 0x00000210416af920 Exception <a 'java/lang/NoSuchMethodError'{0x000000008fbb6280}: 'java.lang.Object java.lang.invoke.DirectMethodHandle$Holder.invokeSpecial(java.lang.Object, java.lang.Object, java.lang.Object, java.lang.Object, java.lang.Object, java.lang.Object, java.lang.Object, int)'> (0x000000008fbb6280) 
thrown [s\src\hotspot\share\interpreter\linkResolver.cpp, line 759]
Event: 1.838 Thread 0x00000210416af920 Exception <a 'java/lang/NoSuchMethodError'{0x0000000090ab5aa8}: 'java.lang.Object java.lang.invoke.DirectMethodHandle$Holder.invokeSpecial(java.lang.Object, java.lang.Object, java.lang.Object, int, java.lang.Object)'> (0x0000000090ab5aa8) 
thrown [s\src\hotspot\share\interpreter\linkResolver.cpp, line 759]
Event: 1.839 Thread 0x00000210416af920 Exception <a 'java/lang/NoSuchMethodError'{0x0000000090abe010}: 'java.lang.Object java.lang.invoke.DirectMethodHandle$Holder.newInvokeSpecial(java.lang.Object, java.lang.Object, java.lang.Object, int, java.lang.Object)'> (0x0000000090abe010) 
thrown [s\src\hotspot\share\interpreter\linkResolver.cpp, line 759]
Event: 1.840 Thread 0x00000210416af920 Exception <a 'java/lang/NoSuchMethodError'{0x0000000090ac59e0}: 'java.lang.Object java.lang.invoke.Invokers$Holder.linkToTargetMethod(java.lang.Object, java.lang.Object, int, java.lang.Object, java.lang.Object)'> (0x0000000090ac59e0) 
thrown [s\src\hotspot\share\interpreter\linkResolver.cpp, line 759]
Event: 1.842 Thread 0x00000210416af920 Exception <a 'java/lang/NoSuchMethodError'{0x0000000090ad5068}: 'java.lang.Object java.lang.invoke.DirectMethodHandle$Holder.newInvokeSpecial(java.lang.Object, int, java.lang.Object)'> (0x0000000090ad5068) 
thrown [s\src\hotspot\share\interpreter\linkResolver.cpp, line 759]
Event: 1.842 Thread 0x00000210416af920 Exception <a 'java/lang/NoSuchMethodError'{0x0000000090ad9140}: 'int java.lang.invoke.DirectMethodHandle$Holder.invokeSpecialIFC(java.lang.Object, java.lang.Object, java.lang.Object, java.lang.Object)'> (0x0000000090ad9140) 
thrown [s\src\hotspot\share\interpreter\linkResolver.cpp, line 759]
Event: 1.864 Thread 0x00000210416af920 Exception <a 'java/lang/NoSuchMethodError'{0x00000000909b1420}: 'void java.lang.invoke.DirectMethodHandle$Holder.invokeInterface(java.lang.Object, java.lang.Object, java.lang.Object)'> (0x00000000909b1420) 
thrown [s\src\hotspot\share\interpreter\linkResolver.cpp, line 759]
Event: 1.910 Thread 0x00000210416af920 Exception <a 'java/lang/NoSuchMethodError'{0x0000000090734df8}: 'void java.lang.invoke.DirectMethodHandle$Holder.invokeStatic(java.lang.Object, java.lang.Object, int)'> (0x0000000090734df8) 
thrown [s\src\hotspot\share\interpreter\linkResolver.cpp, line 759]
Event: 1.912 Thread 0x00000210416af920 Exception <a 'java/lang/NoSuchMethodError'{0x000000009073cc90}: 'void java.lang.invoke.DirectMethodHandle$Holder.invokeStaticInit(java.lang.Object, java.lang.Object)'> (0x000000009073cc90) 
thrown [s\src\hotspot\share\interpreter\linkResolver.cpp, line 759]
Event: 1.915 Thread 0x00000210416af920 Exception <a 'java/lang/NoSuchMethodError'{0x000000009074a6f8}: 'void java.lang.invoke.DirectMethodHandle$Holder.invokeStaticInit(java.lang.Object, java.lang.Object, java.lang.Object)'> (0x000000009074a6f8) 
thrown [s\src\hotspot\share\interpreter\linkResolver.cpp, line 759]
Event: 1.921 Thread 0x00000210416af920 Exception <a 'java/lang/NoSuchMethodError'{0x0000000090787260}: 'java.lang.Object java.lang.invoke.DirectMethodHandle$Holder.invokeStatic(java.lang.Object, java.lang.Object, long, java.lang.Object)'> (0x0000000090787260) 
thrown [s\src\hotspot\share\interpreter\linkResolver.cpp, line 759]
Event: 1.922 Thread 0x00000210416af920 Exception <a 'java/lang/NoSuchMethodError'{0x000000009078acf8}: 'java.lang.Object java.lang.invoke.DirectMethodHandle$Holder.invokeStaticInit(java.lang.Object, java.lang.Object, long, java.lang.Object)'> (0x000000009078acf8) 
thrown [s\src\hotspot\share\interpreter\linkResolver.cpp, line 759]
Event: 1.922 Thread 0x00000210416af920 Exception <a 'java/lang/NoSuchMethodError'{0x0000000090791308}: 'java.lang.Object java.lang.invoke.DirectMethodHandle$Holder.newInvokeSpecial(java.lang.Object, java.lang.Object, long)'> (0x0000000090791308) 
thrown [s\src\hotspot\share\interpreter\linkResolver.cpp, line 759]
Event: 1.933 Thread 0x00000210416af920 Exception <a 'java/lang/NoSuchMethodError'{0x00000000907ddb40}: 'void java.lang.invoke.DirectMethodHandle$Holder.invokeVirtual(java.lang.Object, java.lang.Object, java.lang.Object, java.lang.Object)'> (0x00000000907ddb40) 
thrown [s\src\hotspot\share\interpreter\linkResolver.cpp, line 759]
Event: 1.977 Thread 0x00000210416af920 Exception <a 'java/lang/NoSuchMethodError'{0x0000000090537618}: 'void java.lang.invoke.DirectMethodHandle$Holder.invokeSpecial(java.lang.Object, java.lang.Object, java.lang.Object)'> (0x0000000090537618) 
thrown [s\src\hotspot\share\interpreter\linkResolver.cpp, line 759]
Event: 1.978 Thread 0x00000210416af920 Exception <a 'java/lang/NoSuchMethodError'{0x000000009053dbf0}: 'void java.lang.invoke.DirectMethodHandle$Holder.invokeSpecial(java.lang.Object, java.lang.Object, java.lang.Object, java.lang.Object, java.lang.Object)'> (0x000000009053dbf0) 
thrown [s\src\hotspot\share\interpreter\linkResolver.cpp, line 759]
Event: 1.986 Thread 0x00000210416af920 Exception <a 'java/lang/IncompatibleClassChangeError'{0x000000009056fee8}: Found class java.lang.Object, but interface was expected> (0x000000009056fee8) 
thrown [s\src\hotspot\share\interpreter\linkResolver.cpp, line 826]
Event: 1.991 Thread 0x000002104183c030 Exception <a 'java/lang/NoClassDefFoundError'{0x00000000905c43c8}: jakarta/validation/Validation> (0x00000000905c43c8) 
thrown [s\src\hotspot\share\classfile\systemDictionary.cpp, line 245]

VM Operations (20 events):
Event: 1.029 Executing VM operation: HandshakeAllThreads
Event: 1.029 Executing VM operation: HandshakeAllThreads done
Event: 1.184 Executing VM operation: HandshakeAllThreads
Event: 1.184 Executing VM operation: HandshakeAllThreads done
Event: 1.184 Executing VM operation: Cleanup
Event: 1.185 Executing VM operation: Cleanup done
Event: 1.267 Executing VM operation: G1CollectForAllocation
Event: 1.282 Executing VM operation: G1CollectForAllocation done
Event: 1.586 Executing VM operation: HandshakeAllThreads
Event: 1.586 Executing VM operation: HandshakeAllThreads done
Event: 1.792 Executing VM operation: G1CollectForAllocation
Event: 1.797 Executing VM operation: G1CollectForAllocation done
Event: 1.809 Executing VM operation: HandshakeAllThreads
Event: 1.809 Executing VM operation: HandshakeAllThreads done
Event: 1.968 Executing VM operation: HandshakeAllThreads
Event: 1.969 Executing VM operation: HandshakeAllThreads done
Event: 1.973 Executing VM operation: HandshakeAllThreads
Event: 1.973 Executing VM operation: HandshakeAllThreads done
Event: 2.192 Executing VM operation: HandshakeAllThreads
Event: 2.192 Executing VM operation: HandshakeAllThreads done

Events (20 events):
Event: 2.125 loading class java/util/concurrent/ConcurrentLinkedQueue
Event: 2.126 loading class java/util/concurrent/ConcurrentLinkedQueue done
Event: 2.126 loading class java/util/concurrent/ConcurrentLinkedQueue$Node
Event: 2.126 loading class java/util/concurrent/ConcurrentLinkedQueue$Node done
Event: 2.127 loading class java/util/concurrent/atomic/AtomicLongArray
Event: 2.127 loading class java/util/concurrent/atomic/AtomicLongArray done
Event: 2.128 loading class java/lang/invoke/VarHandleLongs$Array
Event: 2.128 loading class java/lang/invoke/VarHandleLongs$Array done
Event: 2.128 loading class java/util/concurrent/atomic/AtomicReferenceArray
Event: 2.128 loading class java/util/concurrent/atomic/AtomicReferenceArray done
Event: 2.142 Thread 0x00000210418df340 Thread added: 0x00000210418df340
Event: 2.145 Thread 0x0000021041948440 Thread added: 0x0000021041948440
Event: 2.153 loading class sun/text/resources/cldr/FormatData_en
Event: 2.153 loading class sun/text/resources/cldr/FormatData_en done
Event: 2.153 loading class sun/text/resources/cldr/FormatData_en_US
Event: 2.153 loading class sun/text/resources/cldr/FormatData_en_US done
Event: 2.163 loading class java/io/CharArrayReader
Event: 2.163 loading class java/io/CharArrayReader done
Event: 2.168 loading class jdk/internal/reflect/UnsafeObjectFieldAccessorImpl
Event: 2.168 loading class jdk/internal/reflect/UnsafeObjectFieldAccessorImpl done


Dynamic libraries:
0x00007ff777760000 - 0x00007ff77776d000 	C:\Users\1gssa\.jdks\corretto-17.0.6-1\bin\java.exe
0x00007ffa558f0000 - 0x00007ffa55ae8000 	C:\Windows\SYSTEM32\ntdll.dll
0x00007ffa53c80000 - 0x00007ffa53d3f000 	C:\Windows\System32\KERNEL32.DLL
0x00007ffa531f0000 - 0x00007ffa534c2000 	C:\Windows\System32\KERNELBASE.dll
0x00007ffa53020000 - 0x00007ffa53120000 	C:\Windows\System32\ucrtbase.dll
0x00007ffa2aa20000 - 0x00007ffa2aa37000 	C:\Users\1gssa\.jdks\corretto-17.0.6-1\bin\jli.dll
0x00007ffa547a0000 - 0x00007ffa54941000 	C:\Windows\System32\USER32.dll
0x00007ffa531c0000 - 0x00007ffa531e2000 	C:\Windows\System32\win32u.dll
0x00007ffa53c50000 - 0x00007ffa53c7b000 	C:\Windows\System32\GDI32.dll
0x00007ffa53630000 - 0x00007ffa5373f000 	C:\Windows\System32\gdi32full.dll
0x00007ffa53120000 - 0x00007ffa531bd000 	C:\Windows\System32\msvcp_win.dll
0x00007ffa2a8b0000 - 0x00007ffa2a8c5000 	C:\Users\1gssa\.jdks\corretto-17.0.6-1\bin\VCRUNTIME140.dll
0x00007ffa42150000 - 0x00007ffa423ea000 	C:\Windows\WinSxS\amd64_microsoft.windows.common-controls_6595b64144ccf1df_6.0.19041.1110_none_60b5254171f9507e\COMCTL32.dll
0x00007ffa54630000 - 0x00007ffa546ce000 	C:\Windows\System32\msvcrt.dll
0x00007ffa552b0000 - 0x00007ffa552e0000 	C:\Windows\System32\IMM32.DLL
0x00007ff9f5350000 - 0x00007ff9f53eb000 	C:\Users\1gssa\.jdks\corretto-17.0.6-1\bin\msvcp140.dll
0x00007ff9cecb0000 - 0x00007ff9cf8c8000 	C:\Users\1gssa\.jdks\corretto-17.0.6-1\bin\server\jvm.dll
0x00007ffa55420000 - 0x00007ffa554ce000 	C:\Windows\System32\ADVAPI32.dll
0x00007ffa54c80000 - 0x00007ffa54d1c000 	C:\Windows\System32\sechost.dll
0x00007ffa552f0000 - 0x00007ffa55414000 	C:\Windows\System32\RPCRT4.dll
0x00007ffa26040000 - 0x00007ffa26049000 	C:\Windows\SYSTEM32\WSOCK32.dll
0x00007ffa546d0000 - 0x00007ffa5473b000 	C:\Windows\System32\WS2_32.dll
0x00007ffa49810000 - 0x00007ffa49837000 	C:\Windows\SYSTEM32\WINMM.dll
0x00007ffa4b910000 - 0x00007ffa4b91a000 	C:\Windows\SYSTEM32\VERSION.dll
0x00007ffa50dd0000 - 0x00007ffa50de2000 	C:\Windows\SYSTEM32\kernel.appcore.dll
0x00007ffa2eb50000 - 0x00007ffa2eb5a000 	C:\Users\1gssa\.jdks\corretto-17.0.6-1\bin\jimage.dll
0x00007ffa489c0000 - 0x00007ffa48ba4000 	C:\Windows\SYSTEM32\DBGHELP.DLL
0x00007ffa44c40000 - 0x00007ffa44c75000 	C:\Windows\SYSTEM32\dbgcore.DLL
0x00007ffa53740000 - 0x00007ffa537c2000 	C:\Windows\System32\bcryptPrimitives.dll
0x00007ffa2aab0000 - 0x00007ffa2aabe000 	C:\Users\1gssa\.jdks\corretto-17.0.6-1\bin\instrument.dll
0x00007ffa1a9a0000 - 0x00007ffa1a9c5000 	C:\Users\1gssa\.jdks\corretto-17.0.6-1\bin\java.dll
0x00007ff9f5270000 - 0x00007ff9f5346000 	C:\Users\1gssa\.jdks\corretto-17.0.6-1\bin\jsvml.dll
0x00007ffa53d50000 - 0x00007ffa54495000 	C:\Windows\System32\SHELL32.dll
0x00007ffa510b0000 - 0x00007ffa51842000 	C:\Windows\SYSTEM32\windows.storage.dll
0x00007ffa55550000 - 0x00007ffa558a5000 	C:\Windows\System32\combase.dll
0x00007ffa52a50000 - 0x00007ffa52a80000 	C:\Windows\SYSTEM32\Wldp.dll
0x00007ffa55190000 - 0x00007ffa5523d000 	C:\Windows\System32\SHCORE.dll
0x00007ffa54740000 - 0x00007ffa54795000 	C:\Windows\System32\shlwapi.dll
0x00007ffa52f30000 - 0x00007ffa52f4f000 	C:\Windows\SYSTEM32\profapi.dll
0x00007ffa17fb0000 - 0x00007ffa17fc8000 	C:\Users\1gssa\.jdks\corretto-17.0.6-1\bin\zip.dll
0x00007ffa18d20000 - 0x00007ffa18d39000 	C:\Users\1gssa\.jdks\corretto-17.0.6-1\bin\net.dll
0x00007ffa49700000 - 0x00007ffa4980a000 	C:\Windows\SYSTEM32\WINHTTP.dll
0x00007ffa527b0000 - 0x00007ffa5281a000 	C:\Windows\system32\mswsock.dll
0x00007ffa17fd0000 - 0x00007ffa17fe5000 	C:\Users\1gssa\.jdks\corretto-17.0.6-1\bin\nio.dll
0x00007ffa161d0000 - 0x00007ffa161ea000 	C:\Program Files\JetBrains\IntelliJ IDEA 2022.3.3\bin\breakgen64.dll
0x00007ffa52490000 - 0x00007ffa5255b000 	C:\Windows\SYSTEM32\DNSAPI.dll
0x00007ffa52450000 - 0x00007ffa5248b000 	C:\Windows\SYSTEM32\IPHLPAPI.DLL
0x00007ffa552e0000 - 0x00007ffa552e8000 	C:\Windows\System32\NSI.dll
0x0000000063560000 - 0x0000000063569000 	C:\Program Files\National Instruments\Shared\mDNS Responder\nimdnsNSP.dll
0x0000000063550000 - 0x000000006355e000 	C:\Windows\SYSTEM32\nimdnsResponder.dll
0x0000000065b80000 - 0x0000000065c23000 	C:\Windows\WinSxS\amd64_microsoft.vc90.crt_1fc8b3b9a1e18e3b_9.0.30729.9625_none_08e1c10da83fbc83\MSVCR90.dll
0x00007ffa4ba80000 - 0x00007ffa4ba8a000 	C:\Windows\System32\rasadhlp.dll
0x00007ffa49590000 - 0x00007ffa49610000 	C:\Windows\System32\fwpuclnt.dll
0x00007ffa52ff0000 - 0x00007ffa53017000 	C:\Windows\System32\bcrypt.dll
0x00007ffa2a880000 - 0x00007ffa2a889000 	C:\Users\1gssa\.jdks\corretto-17.0.6-1\bin\management.dll
0x00007ffa2a6f0000 - 0x00007ffa2a6fb000 	C:\Users\1gssa\.jdks\corretto-17.0.6-1\bin\management_ext.dll
0x00007ffa552a0000 - 0x00007ffa552a8000 	C:\Windows\System32\PSAPI.DLL
0x00007ffa529b0000 - 0x00007ffa529c8000 	C:\Windows\SYSTEM32\CRYPTSP.dll
0x00007ffa52060000 - 0x00007ffa52094000 	C:\Windows\system32\rsaenh.dll
0x00007ffa52ef0000 - 0x00007ffa52f1e000 	C:\Windows\SYSTEM32\USERENV.dll
0x00007ffa529a0000 - 0x00007ffa529ac000 	C:\Windows\SYSTEM32\CRYPTBASE.dll
0x00007ffa4b940000 - 0x00007ffa4b957000 	C:\Windows\SYSTEM32\dhcpcsvc6.DLL
0x00007ffa4b920000 - 0x00007ffa4b93d000 	C:\Windows\SYSTEM32\dhcpcsvc.DLL
0x00007ffa38bf0000 - 0x00007ffa38c07000 	C:\Windows\system32\napinsp.dll
0x00007ffa35b10000 - 0x00007ffa35b2b000 	C:\Windows\system32\pnrpnsp.dll
0x00007ffa4df40000 - 0x00007ffa4df55000 	C:\Windows\system32\wshbth.dll
0x00007ffa4eda0000 - 0x00007ffa4edbd000 	C:\Windows\system32\NLAapi.dll
0x00007ffa35a40000 - 0x00007ffa35a52000 	C:\Windows\System32\winrnr.dll
0x00007ffa2aa10000 - 0x00007ffa2aa20000 	C:\Users\1gssa\.jdks\corretto-17.0.6-1\bin\verify.dll

dbghelp: loaded successfully - version: 4.0.5 - missing functions: none
symbol engine: initialized successfully - sym options: 0x614 - pdb path: .;C:\Users\1gssa\.jdks\corretto-17.0.6-1\bin;C:\Windows\SYSTEM32;C:\Windows\WinSxS\amd64_microsoft.windows.common-controls_6595b64144ccf1df_6.0.19041.1110_none_60b5254171f9507e;C:\Users\1gssa\.jdks\corretto-17.0.6-1\bin\server;C:\Program Files\JetBrains\IntelliJ IDEA 2022.3.3\bin;C:\Program Files\National Instruments\Shared\mDNS Responder;C:\Windows\WinSxS\amd64_microsoft.vc90.crt_1fc8b3b9a1e18e3b_9.0.30729.9625_none_08e1c10da83fbc83

VM Arguments:
jvm_args: -XX:TieredStopAtLevel=1 -Dspring.output.ansi.enabled=always -Dcom.sun.management.jmxremote -Dspring.jmx.enabled=true -Dspring.liveBeansView.mbeanDomain -Dspring.application.admin.enabled=true -Dmanagement.endpoints.jmx.exposure.include=* -javaagent:C:\Program Files\JetBrains\IntelliJ IDEA 2022.3.3\lib\idea_rt.jar=58698:C:\Program Files\JetBrains\IntelliJ IDEA 2022.3.3\bin -Dfile.encoding=UTF-8 
java_command: com.thoughtclan.bikerentalsystem.BikeRentalSystemApplication
java_class_path (initial): E:\Bike Rental System\bike-rental-system\target\classes;C:\Users\1gssa\.m2\repository\org\springframework\boot\spring-boot-starter-data-jpa\3.0.4\spring-boot-starter-data-jpa-3.0.4.jar;C:\Users\1gssa\.m2\repository\org\springframework\boot\spring-boot-starter-aop\3.0.4\spring-boot-starter-aop-3.0.4.jar;C:\Users\1gssa\.m2\repository\org\aspectj\aspectjweaver\1.9.19\aspectjweaver-1.9.19.jar;C:\Users\1gssa\.m2\repository\org\springframework\boot\spring-boot-starter-jdbc\3.0.4\spring-boot-starter-jdbc-3.0.4.jar;C:\Users\1gssa\.m2\repository\com\zaxxer\HikariCP\5.0.1\HikariCP-5.0.1.jar;C:\Users\1gssa\.m2\repository\org\springframework\spring-jdbc\6.0.6\spring-jdbc-6.0.6.jar;C:\Users\1gssa\.m2\repository\org\hibernate\orm\hibernate-core\6.1.7.Final\hibernate-core-6.1.7.Final.jar;C:\Users\1gssa\.m2\repository\jakarta\persistence\jakarta.persistence-api\3.1.0\jakarta.persistence-api-3.1.0.jar;C:\Users\1gssa\.m2\repository\jakarta\transaction\jakarta.transaction-api\2.0.1\jakarta.transaction-api-2.0.1.jar;C:\Users\1gssa\.m2\repository\org\jboss\logging\jboss-logging\3.5.0.Final\jboss-logging-3.5.0.Final.jar;C:\Users\1gssa\.m2\repository\org\hibernate\common\hibernate-commons-annotations\6.0.6.Final\hibernate-commons-annotations-6.0.6.Final.jar;C:\Users\1gssa\.m2\repository\org\jboss\jandex\2.4.2.Final\jandex-2.4.2.Final.jar;C:\Users\1gssa\.m2\repository\com\fasterxml\classmate\1.5.1\classmate-1.5.1.jar;C:\Users\1gssa\.m2\repository\net\bytebuddy\byte-buddy\1.12.23\byte-buddy-1.12.23.jar;C:\Users\1gssa\.m2\repository\org\glassfish\jaxb\jaxb-runtime\4.0.2\jaxb-runtime-4.0.2.jar;C:\Users\1gssa\.m2\repository\org\glassfish\jaxb\jaxb-core\4.0.2\jaxb-core-4.0.2.jar;C:\Users\1gssa\.m2\repository\org\eclipse\angus\angus-activation\2.0.0\angus-activation-2.0.0.jar;C:\Users\1gssa\.m2\repository\org\glassfish\jaxb\txw2\4.0.2\txw2-4.0.2.jar;C:\Users\1gssa\.m2\repository\com\sun\istack\istack-commons-runtime\4.1.1\istack-commons-runtime-4.1.1.jar;C:\Users\1gs
Launcher Type: SUN_STANDARD

[Global flags]
     intx CICompilerCount                          = 4                                         {product} {ergonomic}
     uint ConcGCThreads                            = 3                                         {product} {ergonomic}
     uint G1ConcRefinementThreads                  = 10                                        {product} {ergonomic}
   size_t G1HeapRegionSize                         = 1048576                                   {product} {ergonomic}
    uintx GCDrainStackTargetSize                   = 64                                        {product} {ergonomic}
   size_t InitialHeapSize                          = 125829120                                 {product} {ergonomic}
     bool ManagementServer                         = true                                      {product} {command line}
   size_t MarkStackSize                            = 4194304                                   {product} {ergonomic}
   size_t MaxHeapSize                              = 1992294400                                {product} {ergonomic}
   size_t MaxNewSize                               = 1195376640                                {product} {ergonomic}
   size_t MinHeapDeltaBytes                        = 1048576                                   {product} {ergonomic}
   size_t MinHeapSize                              = 8388608                                   {product} {ergonomic}
    uintx NonProfiledCodeHeapSize                  = 0                                      {pd product} {ergonomic}
     bool ProfileInterpreter                       = false                                  {pd product} {command line}
    uintx ProfiledCodeHeapSize                     = 0                                      {pd product} {ergonomic}
   size_t SoftMaxHeapSize                          = 1992294400                             {manageable} {ergonomic}
     intx TieredStopAtLevel                        = 1                                         {product} {command line}
     bool UseCompressedClassPointers               = true                           {product lp64_product} {ergonomic}
     bool UseCompressedOops                        = true                           {product lp64_product} {ergonomic}
     bool UseG1GC                                  = true                                      {product} {ergonomic}
     bool UseLargePagesIndividualAllocation        = false                                  {pd product} {ergonomic}

Logging:
Log output configuration:
 #0: stdout all=warning uptime,level,tags
 #1: stderr all=off uptime,level,tags

Environment Variables:
PATH=C:\Program Files\Common Files\Oracle\Java\javapath;C:\oraclexe\app\oracle\product\10.2.0\server\bin;C:\Python\Python390\Scripts\;C:\Python\Python390\;C:\Windows\system32;C:\Windows;C:\Windows\System32\Wbem;C:\Windows\System32\WindowsPowerShell\v1.0\;C:\Windows\System32\OpenSSH\;C:\Program Files (x86)\NVIDIA Corporation\PhysX\Common;C:\Program Files\NVIDIA Corporation\NVIDIA NvDLISR;C:\MinGW\bin;C:\ProgramData\chocolatey\bin;C:\Program Files\dotnet\;C:\Program Files\MongoDB\Server\4.4\bin;C:\Program Files\mongodb-database-tools-windows-x86_64-100.2.1\bin;C:\Program Files\Git\cmd;C:\Program Files\nodejs\;C:\Program Files\Microsoft SQL Server\130\Tools\Binn\;C:\Program Files\Microsoft SQL Server\Client SDK\ODBC\170\Tools\Binn\;C:\Program Files (x86)\Microsoft SQL Server\150\Tools\Binn\;C:\Program Files\Microsoft SQL Server\150\Tools\Binn\;C:\Program Files\Microsoft SQL Server\150\DTS\Binn\;C:\Program Files (x86)\Microsoft SQL Server\150\DTS\Binn\;C:\Program Files\Azure Data Studio\bin;C:\maven\apache-maven-3.8.5\bin;C:\Program Files\Java\jdk-11.0.17\bin;C:\Program Files\MySQL\MySQL Server 8.0\bin;C:\Program Files\MySQL\MySQL Shell 8.0\bin\;C:\Program Files\MySQL\MySQL Server 8.0\bin;C:\Program Files\JetBrains\IntelliJ IDEA Community Edition 2022.3.2\bin;;C:\Users\1gssa\AppData\Local\Programs\Microsoft VS Code\bin;C:\Program Files\JetBrains\IntelliJ IDEA 2022.3.3\bin;
USERNAME=1gssa
OS=Windows_NT
PROCESSOR_IDENTIFIER=AMD64 Family 23 Model 96 Stepping 1, AuthenticAMD
TMP=C:\Users\1gssa\AppData\Local\Temp
TEMP=C:\Users\1gssa\AppData\Local\Temp



---------------  S Y S T E M  ---------------

OS:
 Windows 10 , 64 bit Build 19041 (10.0.19041.2546)
OS uptime: 0 days 15:30 hours

CPU: total 12 (initial active 12) (12 cores per cpu, 2 threads per core) family 23 model 96 stepping 1 microcode 0x0, cx8, cmov, fxsr, ht, mmx, 3dnowpref, sse, sse2, sse3, ssse3, sse4a, sse4.1, sse4.2, popcnt, lzcnt, tsc, tscinvbit, avx, avx2, aes, clmul, bmi1, bmi2, adx, sha, fma, vzeroupper, clflush, clflushopt

Memory: 4k page, system-wide physical 7599M (583M free)
TotalPageFile size 19533M (AvailPageFile size 0M)
current process WorkingSet (physical memory assigned to process): 101M, peak: 101M
current process commit charge ("private bytes"): 236M, peak: 236M

vm_info: OpenJDK 64-Bit Server VM (17.0.6+10-LTS) for windows-amd64 JRE (17.0.6+10-LTS), built on Jan 13 2023 22:57:04 by "Administrator" with MS VC++ 15.9 (VS2017)

END.
